Started GET "/" for 10.0.2.2 at 2017-07-18 00:19:42 +0000
Processing by Rails::WelcomeController#index as HTML
  Parameters: {"internal"=>true}
  Rendering /home/ubuntu/.rvm/gems/ruby-2.4.0/gems/railties-5.0.4/lib/rails/templates/rails/welcome/index.html.erb
  Rendered /home/ubuntu/.rvm/gems/ruby-2.4.0/gems/railties-5.0.4/lib/rails/templates/rails/welcome/index.html.erb (10.8ms)
Completed 200 OK in 44ms (Views: 35.7ms | ActiveRecord: 0.0ms)


Started GET "/favicon.ico" for 10.0.2.2 at 2017-07-18 00:19:43 +0000
  
ActionController::RoutingError (No route matches [GET] "/favicon.ico"):
  
actionpack (5.0.4) lib/action_dispatch/middleware/debug_exceptions.rb:53:in `call'
actionpack (5.0.4) lib/action_dispatch/middleware/show_exceptions.rb:31:in `call'
railties (5.0.4) lib/rails/rack/logger.rb:36:in `call_app'
railties (5.0.4) lib/rails/rack/logger.rb:24:in `block in call'
activesupport (5.0.4) lib/active_support/tagged_logging.rb:69:in `block in tagged'
activesupport (5.0.4) lib/active_support/tagged_logging.rb:26:in `tagged'
activesupport (5.0.4) lib/active_support/tagged_logging.rb:69:in `tagged'
railties (5.0.4) lib/rails/rack/logger.rb:24:in `call'
actionpack (5.0.4) lib/action_dispatch/middleware/request_id.rb:24:in `call'
rack (2.0.3) lib/rack/runtime.rb:22:in `call'
activesupport (5.0.4) lib/active_support/cache/strategy/local_cache_middleware.rb:28:in `call'
actionpack (5.0.4) lib/action_dispatch/middleware/executor.rb:12:in `call'
actionpack (5.0.4) lib/action_dispatch/middleware/static.rb:136:in `call'
rack (2.0.3) lib/rack/sendfile.rb:111:in `call'
railties (5.0.4) lib/rails/engine.rb:522:in `call'
puma (3.9.1) lib/puma/configuration.rb:224:in `call'
puma (3.9.1) lib/puma/server.rb:602:in `handle_request'
puma (3.9.1) lib/puma/server.rb:435:in `process_client'
puma (3.9.1) lib/puma/server.rb:299:in `block in run'
puma (3.9.1) lib/puma/thread_pool.rb:120:in `block in spawn_thread'
Started GET "/" for 10.0.2.2 at 2017-07-18 00:25:29 +0000
Processing by Rails::WelcomeController#index as HTML
  Parameters: {"internal"=>true}
  Rendering /home/ubuntu/.rvm/gems/ruby-2.4.0/gems/railties-5.0.4/lib/rails/templates/rails/welcome/index.html.erb
  Rendered /home/ubuntu/.rvm/gems/ruby-2.4.0/gems/railties-5.0.4/lib/rails/templates/rails/welcome/index.html.erb (7.2ms)
Completed 200 OK in 25ms (Views: 24.0ms | ActiveRecord: 0.0ms)


Started GET "/favicon.ico" for 10.0.2.2 at 2017-07-18 00:25:30 +0000
  
ActionController::RoutingError (No route matches [GET] "/favicon.ico"):
  
actionpack (5.0.4) lib/action_dispatch/middleware/debug_exceptions.rb:53:in `call'
actionpack (5.0.4) lib/action_dispatch/middleware/show_exceptions.rb:31:in `call'
railties (5.0.4) lib/rails/rack/logger.rb:36:in `call_app'
railties (5.0.4) lib/rails/rack/logger.rb:24:in `block in call'
activesupport (5.0.4) lib/active_support/tagged_logging.rb:69:in `block in tagged'
activesupport (5.0.4) lib/active_support/tagged_logging.rb:26:in `tagged'
activesupport (5.0.4) lib/active_support/tagged_logging.rb:69:in `tagged'
railties (5.0.4) lib/rails/rack/logger.rb:24:in `call'
actionpack (5.0.4) lib/action_dispatch/middleware/request_id.rb:24:in `call'
rack (2.0.3) lib/rack/runtime.rb:22:in `call'
activesupport (5.0.4) lib/active_support/cache/strategy/local_cache_middleware.rb:28:in `call'
actionpack (5.0.4) lib/action_dispatch/middleware/executor.rb:12:in `call'
actionpack (5.0.4) lib/action_dispatch/middleware/static.rb:136:in `call'
rack (2.0.3) lib/rack/sendfile.rb:111:in `call'
railties (5.0.4) lib/rails/engine.rb:522:in `call'
puma (3.9.1) lib/puma/configuration.rb:224:in `call'
puma (3.9.1) lib/puma/server.rb:602:in `handle_request'
puma (3.9.1) lib/puma/server.rb:435:in `process_client'
puma (3.9.1) lib/puma/server.rb:299:in `block in run'
puma (3.9.1) lib/puma/thread_pool.rb:120:in `block in spawn_thread'
  [1m[35m (5.0ms)[0m  [1m[35mCREATE TABLE `schema_migrations` (`version` varchar(255) PRIMARY KEY) ENGINE=InnoDB[0m
  [1m[35m (5.3ms)[0m  [1m[35mCREATE TABLE `ar_internal_metadata` (`key` varchar(255) PRIMARY KEY, `value` varchar(255), `created_at` datetime NOT NULL, `updated_at` datetime NOT NULL) ENGINE=InnoDB[0m
  [1m[35m (0.2ms)[0m  [1m[34mSELECT DATABASE() as db[0m
  [1m[35m (0.1ms)[0m  [1m[34mSELECT GET_LOCK('6102324819594780000', 0);[0m
  [1m[36mActiveRecord::SchemaMigration Load (4.4ms)[0m  [1m[34mSELECT `schema_migrations`.* FROM `schema_migrations`[0m
Migrating to DeviseCreateUsers (20170718005926)
  [1m[35m (4.3ms)[0m  [1m[35mCREATE TABLE `users` (`id` int AUTO_INCREMENT PRIMARY KEY, `email` varchar(255) DEFAULT '' NOT NULL, `encrypted_password` varchar(255) DEFAULT '' NOT NULL, `reset_password_token` varchar(255), `reset_password_sent_at` datetime, `remember_created_at` datetime, `sign_in_count` int DEFAULT 0 NOT NULL, `current_sign_in_at` datetime, `last_sign_in_at` datetime, `current_sign_in_ip` varchar(255), `last_sign_in_ip` varchar(255), `created_at` datetime NOT NULL, `updated_at` datetime NOT NULL) ENGINE=InnoDB[0m
  [1m[35m (21.6ms)[0m  [1m[35mCREATE UNIQUE INDEX `index_users_on_email`  ON `users` (`email`) [0m
  [1m[35m (7.0ms)[0m  [1m[35mCREATE UNIQUE INDEX `index_users_on_reset_password_token`  ON `users` (`reset_password_token`) [0m
  [1m[35m (0.2ms)[0m  [1m[35mBEGIN[0m
  [1m[35mSQL (1.2ms)[0m  [1m[32mINSERT INTO `schema_migrations` (`version`) VALUES ('20170718005926')[0m
  [1m[35m (0.8ms)[0m  [1m[35mCOMMIT[0m
  [1m[36mActiveRecord::InternalMetadata Load (0.3ms)[0m  [1m[34mSELECT  `ar_internal_metadata`.* FROM `ar_internal_metadata` WHERE `ar_internal_metadata`.`key` = 'environment' LIMIT 1[0m
  [1m[35m (0.2ms)[0m  [1m[35mBEGIN[0m
  [1m[35mSQL (0.2ms)[0m  [1m[32mINSERT INTO `ar_internal_metadata` (`key`, `value`, `created_at`, `updated_at`) VALUES ('environment', 'development', '2017-07-18 01:02:28', '2017-07-18 01:02:28')[0m
  [1m[35m (0.8ms)[0m  [1m[35mCOMMIT[0m
  [1m[35m (0.2ms)[0m  [1m[34mSELECT RELEASE_LOCK('6102324819594780000')[0m
  [1m[36mActiveRecord::SchemaMigration Load (0.2ms)[0m  [1m[34mSELECT `schema_migrations`.* FROM `schema_migrations`[0m
  [1m[35m (0.2ms)[0m  [1m[35mSHOW CREATE TABLE `users`[0m
  [1m[35m (0.3ms)[0m  [1m[35mSHOW TABLE STATUS LIKE 'users'[0m
Started GET "/" for 10.0.2.2 at 2017-07-20 01:01:25 +0000
  [1m[36mActiveRecord::SchemaMigration Load (0.6ms)[0m  [1m[34mSELECT `schema_migrations`.* FROM `schema_migrations`[0m
Processing by Rails::WelcomeController#index as */*
  Parameters: {"internal"=>true}
  Rendering /home/ubuntu/.rvm/gems/ruby-2.4.0/gems/railties-5.0.4/lib/rails/templates/rails/welcome/index.html.erb
  Rendered /home/ubuntu/.rvm/gems/ruby-2.4.0/gems/railties-5.0.4/lib/rails/templates/rails/welcome/index.html.erb (11.8ms)
Completed 200 OK in 45ms (Views: 39.4ms | ActiveRecord: 0.0ms)


Started GET "/users/1" for 10.0.2.2 at 2017-07-20 01:02:29 +0000
Processing by Api::V1::UsersController#show as JSON
  Parameters: {"subdomain"=>"api", "id"=>"1"}
  [1m[36mUser Load (0.4ms)[0m  [1m[34mSELECT  `users`.* FROM `users` WHERE `users`.`id` = 1 LIMIT 1[0m
Completed 404 Not Found in 14ms (ActiveRecord: 2.0ms)


Started GET "/users/1" for 10.0.2.2 at 2017-07-20 01:02:51 +0000
Processing by Api::V1::UsersController#show as JSON
  Parameters: {"subdomain"=>"api", "id"=>"1"}
  [1m[36mUser Load (0.8ms)[0m  [1m[34mSELECT  `users`.* FROM `users` WHERE `users`.`id` = 1 LIMIT 1[0m
Completed 404 Not Found in 3ms (ActiveRecord: 0.8ms)


Started GET "/users/1" for 10.0.2.2 at 2017-07-20 01:04:03 +0000
  [1m[36mActiveRecord::SchemaMigration Load (0.3ms)[0m  [1m[34mSELECT `schema_migrations`.* FROM `schema_migrations`[0m
Processing by Api::V1::UsersController#show as JSON
  Parameters: {"subdomain"=>"api", "id"=>"1"}
  [1m[36mUser Load (0.4ms)[0m  [1m[34mSELECT  `users`.* FROM `users` WHERE `users`.`id` = 1 LIMIT 1[0m
Completed 404 Not Found in 14ms (ActiveRecord: 2.2ms)


Started GET "/users/1" for 10.0.2.2 at 2017-07-20 01:09:17 +0000
Processing by Api::V1::UsersController#show as JSON
  Parameters: {"subdomain"=>"api", "id"=>"1"}
  [1m[36mUser Load (0.5ms)[0m  [1m[34mSELECT  `users`.* FROM `users` WHERE `users`.`id` = 1 LIMIT 1[0m
Completed 404 Not Found in 4ms (ActiveRecord: 0.5ms)


Started GET "/" for 10.0.2.2 at 2017-07-20 01:09:27 +0000
Processing by Rails::WelcomeController#index as HTML
  Parameters: {"internal"=>true}
  Rendering /home/ubuntu/.rvm/gems/ruby-2.4.0/gems/railties-5.0.4/lib/rails/templates/rails/welcome/index.html.erb
  Rendered /home/ubuntu/.rvm/gems/ruby-2.4.0/gems/railties-5.0.4/lib/rails/templates/rails/welcome/index.html.erb (13.8ms)
Completed 200 OK in 52ms (Views: 49.9ms | ActiveRecord: 0.0ms)


  [1m[35m (0.2ms)[0m  [1m[35mBEGIN[0m
  [1m[36mUser Exists (0.3ms)[0m  [1m[34mSELECT  1 AS one FROM `users` WHERE `users`.`email` = BINARY 'douglasproglima@gmail.com' LIMIT 1[0m
  [1m[35mSQL (1435.9ms)[0m  [1m[32mINSERT INTO `users` (`email`, `encrypted_password`, `created_at`, `updated_at`) VALUES ('douglasproglima@gmail.com', '$2a$11$cVkXBpO6EpaZbAuF6gZAD.M1QpOuc64uk/Vh6snKsfPReCJpLgama', '2017-07-20 01:11:56', '2017-07-20 01:11:56')[0m
  [1m[35m (3.1ms)[0m  [1m[35mCOMMIT[0m
  [1m[35m (0.2ms)[0m  [1m[35mBEGIN[0m
  [1m[36mUser Exists (0.4ms)[0m  [1m[34mSELECT  1 AS one FROM `users` WHERE `users`.`email` = BINARY 'chico@gmail.com' LIMIT 1[0m
  [1m[35mSQL (0.9ms)[0m  [1m[32mINSERT INTO `users` (`email`, `encrypted_password`, `created_at`, `updated_at`) VALUES ('chico@gmail.com', '$2a$11$3ViTajL6ZRUPNKffDU6COePiCjsSfId4DN2XG3wDgJROKb/7wgUmG', '2017-07-20 01:12:11', '2017-07-20 01:12:11')[0m
  [1m[35m (1.9ms)[0m  [1m[35mCOMMIT[0m
  [1m[35m (0.3ms)[0m  [1m[34mSELECT COUNT(*) FROM `users`[0m
Started GET "/users/1" for 10.0.2.2 at 2017-07-20 01:12:49 +0000
  [1m[36mActiveRecord::SchemaMigration Load (0.3ms)[0m  [1m[34mSELECT `schema_migrations`.* FROM `schema_migrations`[0m
Processing by Api::V1::UsersController#show as JSON
  Parameters: {"subdomain"=>"api", "id"=>"1"}
  [1m[36mUser Load (0.3ms)[0m  [1m[34mSELECT  `users`.* FROM `users` WHERE `users`.`id` = 1 LIMIT 1[0m
Completed 200 OK in 20ms (Views: 0.7ms | ActiveRecord: 1.3ms)


Started GET "/users/1" for 10.0.2.2 at 2017-07-20 01:12:59 +0000
Processing by Api::V1::UsersController#show as JSON
  Parameters: {"subdomain"=>"api", "id"=>"1"}
  [1m[36mUser Load (0.4ms)[0m  [1m[34mSELECT  `users`.* FROM `users` WHERE `users`.`id` = 1 LIMIT 1[0m
Completed 200 OK in 11ms (Views: 0.6ms | ActiveRecord: 0.4ms)


Started GET "/users/1" for 10.0.2.2 at 2017-07-20 01:13:44 +0000
Processing by Api::V1::UsersController#show as JSON
  Parameters: {"subdomain"=>"api", "id"=>"1"}
  [1m[36mUser Load (0.5ms)[0m  [1m[34mSELECT  `users`.* FROM `users` WHERE `users`.`id` = 1 LIMIT 1[0m
Completed 200 OK in 4ms (Views: 0.7ms | ActiveRecord: 0.5ms)


Started GET "/users/2" for 10.0.2.2 at 2017-07-20 01:14:29 +0000
Processing by Api::V1::UsersController#show as JSON
  Parameters: {"subdomain"=>"api", "id"=>"2"}
  [1m[36mUser Load (1.1ms)[0m  [1m[34mSELECT  `users`.* FROM `users` WHERE `users`.`id` = 2 LIMIT 1[0m
Completed 200 OK in 5ms (Views: 0.8ms | ActiveRecord: 1.1ms)


Started GET "/users/3" for 10.0.2.2 at 2017-07-20 01:14:41 +0000
Processing by Api::V1::UsersController#show as JSON
  Parameters: {"subdomain"=>"api", "id"=>"3"}
  [1m[36mUser Load (0.3ms)[0m  [1m[34mSELECT  `users`.* FROM `users` WHERE `users`.`id` = 3 LIMIT 1[0m
Completed 404 Not Found in 2ms (ActiveRecord: 0.3ms)


Started GET "/" for 10.0.2.2 at 2017-07-20 01:14:44 +0000
Processing by Rails::WelcomeController#index as HTML
  Parameters: {"internal"=>true}
  Rendering /home/ubuntu/.rvm/gems/ruby-2.4.0/gems/railties-5.0.4/lib/rails/templates/rails/welcome/index.html.erb
  Rendered /home/ubuntu/.rvm/gems/ruby-2.4.0/gems/railties-5.0.4/lib/rails/templates/rails/welcome/index.html.erb (17.3ms)
Completed 200 OK in 55ms (Views: 53.1ms | ActiveRecord: 0.0ms)


Started GET "/users/1" for 10.0.2.2 at 2017-07-20 01:14:52 +0000
Processing by Api::V1::UsersController#show as JSON
  Parameters: {"subdomain"=>"api", "id"=>"1"}
  [1m[36mUser Load (0.4ms)[0m  [1m[34mSELECT  `users`.* FROM `users` WHERE `users`.`id` = 1 LIMIT 1[0m
Completed 200 OK in 4ms (Views: 0.6ms | ActiveRecord: 0.4ms)


Started GET "/users/1" for 10.0.2.2 at 2017-07-20 01:17:28 +0000
Processing by Api::V1::UsersController#show as JSON
  Parameters: {"subdomain"=>"api", "id"=>"1"}
  [1m[36mUser Load (0.4ms)[0m  [1m[34mSELECT  `users`.* FROM `users` WHERE `users`.`id` = 1 LIMIT 1[0m
Completed 200 OK in 3ms (Views: 0.7ms | ActiveRecord: 0.4ms)


